Using pre-set license

 COMMAND LINE ARGUMENTS:
/Applications/Unity/Hub/Editor/2020.2.2f1/Unity.app/Contents/MacOS/Unity
-adb2
-batchMode
-noUpm
-name
AssetImportWorker0
-projectPath
/Users/elliotcraig/Desktop/C-300/JohnLemon/3D Beginner
-logFile
Logs/AssetImportWorker0.log
-srvPort
49911
Successfully changed project path to: /Users/elliotcraig/Desktop/C-300/JohnLemon/3D Beginner
/Users/elliotcraig/Desktop/C-300/JohnLemon/3D Beginner
Using Asset Import Pipeline V2.
Refreshing native plugins compatible for Editor in 43.61 ms, found 1 plugins.
Preloading 0 native plugins for Editor in 0.00 ms.
Initialize engine version: 2020.2.2f1 (068178b99f32)
[Subsystems] Discovering subsystems at path /Applications/Unity/Hub/Editor/2020.2.2f1/Unity.app/Contents/Resources/UnitySubsystems
[Subsystems] Discovering subsystems at path /Users/elliotcraig/Desktop/C-300/JohnLemon/3D Beginner/Assets
GfxDevice: creating device client; threaded=0
2021-03-08 11:53:06.485 Unity[17749:4215839] Color LCD preferred device: AMD Radeon Pro 555 (high power)
2021-03-08 11:53:06.485 Unity[17749:4215839] Metal devices available: 2
2021-03-08 11:53:06.485 Unity[17749:4215839] 0: AMD Radeon Pro 555 (high power)
2021-03-08 11:53:06.485 Unity[17749:4215839] 1: Intel(R) HD Graphics 630 (low power)
2021-03-08 11:53:06.486 Unity[17749:4215839] Using device AMD Radeon Pro 555 (high power)
Initializing Metal device caps: AMD Radeon Pro 555
Initialize mono
Mono path[0] = '/Applications/Unity/Hub/Editor/2020.2.2f1/Unity.app/Contents/Managed'
Mono path[1] = '/Applications/Unity/Hub/Editor/2020.2.2f1/Unity.app/Contents/MonoBleedingEdge/lib/mono/unityjit'
Mono config path = '/Applications/Unity/Hub/Editor/2020.2.2f1/Unity.app/Contents/MonoBleedingEdge/etc'
Using monoOptions --debugger-agent=transport=dt_socket,embedding=1,server=y,suspend=n,address=127.0.0.1:56749
Begin MonoManager ReloadAssembly
Registering precompiled unity dll's ...
Register platform support module: /Applications/Unity/Hub/Editor/2020.2.2f1/Unity.app/Contents/PlaybackEngines/MacStandaloneSupport/UnityEditor.OSXStandalone.Extensions.dll
Registered in 0.000352 seconds.
Native extension for OSXStandalone target not found
Refreshing native plugins compatible for Editor in 35.76 ms, found 1 plugins.
Preloading 0 native plugins for Editor in 0.00 ms.
Invoked RoslynAnalysisRunner static constructor.
RoslynAnalysisRunner will not be running.
RoslynAnalysisRunner has terminated.
Mono: successfully reloaded assembly
- Completed reload, in  1.577 seconds
Platform modules already initialized, skipping
Registering precompiled user dll's ...
Registered in 0.001190 seconds.
Begin MonoManager ReloadAssembly
Native extension for OSXStandalone target not found
Refreshing native plugins compatible for Editor in 0.46 ms, found 1 plugins.
Preloading 0 native plugins for Editor in 0.00 ms.
Invoked RoslynAnalysisRunner static constructor.
RoslynAnalysisRunner will not be running.
RoslynAnalysisRunner has terminated.
Mono: successfully reloaded assembly
- Completed reload, in  1.007 seconds
Platform modules already initialized, skipping
========================================================================
Worker process is ready to serve import requests
Launching external process: /Applications/Unity/Hub/Editor/2020.2.2f1/Unity.app/Contents/Tools/UnityShaderCompiler
Launched and connected shader compiler UnityShaderCompiler after 0.02 seconds
Refreshing native plugins compatible for Editor in 0.47 ms, found 1 plugins.
Preloading 0 native plugins for Editor in 0.00 ms.
Unloading 1606 Unused Serialized files (Serialized files now loaded: 0)
System memory in use before: 133.2 MB.
System memory in use after: 133.3 MB.

Unloading 36 unused Assets to reduce memory usage. Loaded Objects now: 2034.
Total: 2.825335 ms (FindLiveObjects: 0.402256 ms CreateObjectMapping: 0.169771 ms MarkObjects: 2.109349 ms  DeleteObjects: 0.142171 ms)

========================================================================
Received Import Request.
  path: Assets/Readme.asset
  artifactKey: Guid(5aa8565dc31eb3f4a97f05eb11fe8445) Importer(815301076,1909f56bfc062723c751e8b465ee728b)
Start importing Assets/Readme.asset using Guid(5aa8565dc31eb3f4a97f05eb11fe8445) Importer(815301076,1909f56bfc062723c751e8b465ee728b)  -> (artifact id: 'cd457f5520778445baf876a58ab38d40') in 0.229420 seconds
  Import took 0.233933 seconds .

========================================================================
Received Prepare
Registering precompiled user dll's ...
Registered in 0.001431 seconds.
Begin MonoManager ReloadAssembly
Native extension for OSXStandalone target not found
Refreshing native plugins compatible for Editor in 0.54 ms, found 1 plugins.
Preloading 0 native plugins for Editor in 0.00 ms.
Invoked RoslynAnalysisRunner static constructor.
RoslynAnalysisRunner will not be running.
RoslynAnalysisRunner has terminated.
Mono: successfully reloaded assembly
- Completed reload, in  1.023 seconds
Platform modules already initialized, skipping
Refreshing native plugins compatible for Editor in 0.51 ms, found 1 plugins.
Preloading 0 native plugins for Editor in 0.00 ms.
Unloading 1570 Unused Serialized files (Serialized files now loaded: 0)
System memory in use before: 135.5 MB.
System memory in use after: 135.5 MB.

Unloading 27 unused Assets to reduce memory usage. Loaded Objects now: 2037.
Total: 2.209704 ms (FindLiveObjects: 0.250109 ms CreateObjectMapping: 0.069864 ms MarkObjects: 1.816326 ms  DeleteObjects: 0.072303 ms)

========================================================================
Received Import Request.
  Time since last request: 67.138209 seconds.
  path: Assets/Scenes
  artifactKey: Guid(3c1652586ea9c41cfae9e98a647646e4) Importer(815301076,1909f56bfc062723c751e8b465ee728b)
Start importing Assets/Scenes using Guid(3c1652586ea9c41cfae9e98a647646e4) Importer(815301076,1909f56bfc062723c751e8b465ee728b)  -> (artifact id: 'e228786a6c548f3f468cf552e84e89c7') in 0.008992 seconds
  Import took 0.012318 seconds .

========================================================================
Received Import Request.
  Time since last request: 0.009986 seconds.
  path: Assets/Scenes
  artifactKey: Guid(3c1652586ea9c41cfae9e98a647646e4) Importer(815301076,1909f56bfc062723c751e8b465ee728b)
Start importing Assets/Scenes using Guid(3c1652586ea9c41cfae9e98a647646e4) Importer(815301076,1909f56bfc062723c751e8b465ee728b)  -> (artifact id: 'e228786a6c548f3f468cf552e84e89c7') in 0.000943 seconds
  Import took 0.004145 seconds .

========================================================================
Received Import Request.
  Time since last request: 1.197387 seconds.
  path: Assets/Scenes/SampleScene.unity
  artifactKey: Guid(9fc0d4010bbf28b4594072e72b8655ab) Importer(815301076,1909f56bfc062723c751e8b465ee728b)
Start importing Assets/Scenes/SampleScene.unity using Guid(9fc0d4010bbf28b4594072e72b8655ab) Importer(815301076,1909f56bfc062723c751e8b465ee728b)  -> (artifact id: '9831e44e2a700a6e1119228b2d38e767') in 0.014852 seconds
  Import took 0.017862 seconds .

========================================================================
Received Import Request.
  Time since last request: 4.397648 seconds.
  path: Assets/3DBeginner_Third-PartyNotice.txt
  artifactKey: Guid(4c1c6e46639c29541911c32a51da1a3f) Importer(815301076,1909f56bfc062723c751e8b465ee728b)
Start importing Assets/3DBeginner_Third-PartyNotice.txt using Guid(4c1c6e46639c29541911c32a51da1a3f) Importer(815301076,1909f56bfc062723c751e8b465ee728b)  -> (artifact id: 'c84ce609ab39523ac40d7d1902d8b0b8') in 0.318590 seconds
  Import took 0.321549 seconds .

========================================================================
Received Import Request.
  Time since last request: 0.643525 seconds.
  path: Assets/3DBeginner_Third-PartyNotice.txt
  artifactKey: Guid(4c1c6e46639c29541911c32a51da1a3f) Importer(815301076,1909f56bfc062723c751e8b465ee728b)
Start importing Assets/3DBeginner_Third-PartyNotice.txt using Guid(4c1c6e46639c29541911c32a51da1a3f) Importer(815301076,1909f56bfc062723c751e8b465ee728b)  -> (artifact id: 'c84ce609ab39523ac40d7d1902d8b0b8') in 0.003939 seconds
  Import took 0.007261 seconds .

========================================================================
Received Import Request.
  Time since last request: 0.053963 seconds.
  path: Assets/Animation
  artifactKey: Guid(1f19bea6983d93d4083ef7ffa4b8bdfb) Importer(815301076,1909f56bfc062723c751e8b465ee728b)
Start importing Assets/Animation using Guid(1f19bea6983d93d4083ef7ffa4b8bdfb) Importer(815301076,1909f56bfc062723c751e8b465ee728b)  -> (artifact id: 'df9305bfe21dbcc204504f720e5aa7b4') in 0.002353 seconds
  Import took 0.005532 seconds .

========================================================================
Received Import Request.
  Time since last request: 0.000927 seconds.
  path: Assets/Animation
  artifactKey: Guid(1f19bea6983d93d4083ef7ffa4b8bdfb) Importer(815301076,1909f56bfc062723c751e8b465ee728b)
Start importing Assets/Animation using Guid(1f19bea6983d93d4083ef7ffa4b8bdfb) Importer(815301076,1909f56bfc062723c751e8b465ee728b)  -> (artifact id: 'df9305bfe21dbcc204504f720e5aa7b4') in 0.000763 seconds
  Import took 0.003995 seconds .

========================================================================
Received Import Request.
  Time since last request: 0.964244 seconds.
  path: Assets/Audio
  artifactKey: Guid(99292649337aea64a81aee4d4de15241) Importer(815301076,1909f56bfc062723c751e8b465ee728b)
Start importing Assets/Audio using Guid(99292649337aea64a81aee4d4de15241) Importer(815301076,1909f56bfc062723c751e8b465ee728b)  -> (artifact id: '94e370219739bb7a31b7fe4d77b629d8') in 0.006108 seconds
  Import took 0.008795 seconds .

========================================================================
Received Import Request.
  Time since last request: 0.463778 seconds.
  path: Assets/Gizmos
  artifactKey: Guid(78109d2a419166245a5419f7798874c2) Importer(815301076,1909f56bfc062723c751e8b465ee728b)
Start importing Assets/Gizmos using Guid(78109d2a419166245a5419f7798874c2) Importer(815301076,1909f56bfc062723c751e8b465ee728b)  -> (artifact id: 'd5d2b74095a2e85eee9b4e95dc09e62d') in 0.005963 seconds
  Import took 0.009054 seconds .

========================================================================
Received Import Request.
  Time since last request: 0.508131 seconds.
  path: Assets/Materials
  artifactKey: Guid(3f0f264239b4ea943937dd9d0fc60963) Importer(815301076,1909f56bfc062723c751e8b465ee728b)
Start importing Assets/Materials using Guid(3f0f264239b4ea943937dd9d0fc60963) Importer(815301076,1909f56bfc062723c751e8b465ee728b)  -> (artifact id: '503e6ed80fbe354bbff30c8af68b2430') in 0.006019 seconds
  Import took 0.009360 seconds .

========================================================================
Received Import Request.
  Time since last request: 0.376553 seconds.
  path: Assets/Models
  artifactKey: Guid(5c22133398df5aa4eba6d956857390aa) Importer(815301076,1909f56bfc062723c751e8b465ee728b)
Start importing Assets/Models using Guid(5c22133398df5aa4eba6d956857390aa) Importer(815301076,1909f56bfc062723c751e8b465ee728b)  -> (artifact id: '884a7464189db5ce36f5cbb0cd419794') in 0.005973 seconds
  Import took 0.008812 seconds .

========================================================================
Received Import Request.
  Time since last request: 0.968954 seconds.
  path: Assets/Prefabs
  artifactKey: Guid(9b0f9186b9caf554f82133b3d58436ef) Importer(815301076,1909f56bfc062723c751e8b465ee728b)
Start importing Assets/Prefabs using Guid(9b0f9186b9caf554f82133b3d58436ef) Importer(815301076,1909f56bfc062723c751e8b465ee728b)  -> (artifact id: '9502f36498df8939845e658ea972a226') in 0.005929 seconds
  Import took 0.008858 seconds .

========================================================================
Received Import Request.
  Time since last request: 0.873801 seconds.
  path: Assets/Scripts
  artifactKey: Guid(4b32d296f22ef544caf49758d8111991) Importer(815301076,1909f56bfc062723c751e8b465ee728b)
Start importing Assets/Scripts using Guid(4b32d296f22ef544caf49758d8111991) Importer(815301076,1909f56bfc062723c751e8b465ee728b)  -> (artifact id: 'fb802642b0a041b67dc501d481f3bbf6') in 0.006057 seconds
  Import took 0.009482 seconds .

========================================================================
Received Import Request.
  Time since last request: 0.448299 seconds.
  path: Assets/Shaders
  artifactKey: Guid(45488f1b5d87a2f4197b11c01e63e244) Importer(815301076,1909f56bfc062723c751e8b465ee728b)
Start importing Assets/Shaders using Guid(45488f1b5d87a2f4197b11c01e63e244) Importer(815301076,1909f56bfc062723c751e8b465ee728b)  -> (artifact id: '33dede47b545853c7f9ef50e5a19147a') in 0.005992 seconds
  Import took 0.009296 seconds .

========================================================================
Received Import Request.
  Time since last request: 0.374201 seconds.
  path: Assets/Textures
  artifactKey: Guid(94072af5b8dc2c94cba8b6a9b44945d6) Importer(815301076,1909f56bfc062723c751e8b465ee728b)
Start importing Assets/Textures using Guid(94072af5b8dc2c94cba8b6a9b44945d6) Importer(815301076,1909f56bfc062723c751e8b465ee728b)  -> (artifact id: '9e8f28e908456e6eb8f32c6ea11431d0') in 0.001160 seconds
  Import took 0.004416 seconds .

========================================================================
Received Import Request.
  Time since last request: 0.001337 seconds.
  path: Assets/Textures
  artifactKey: Guid(94072af5b8dc2c94cba8b6a9b44945d6) Importer(815301076,1909f56bfc062723c751e8b465ee728b)
Start importing Assets/Textures using Guid(94072af5b8dc2c94cba8b6a9b44945d6) Importer(815301076,1909f56bfc062723c751e8b465ee728b)  -> (artifact id: '9e8f28e908456e6eb8f32c6ea11431d0') in 0.000993 seconds
  Import took 0.003945 seconds .

========================================================================
Received Import Request.
  Time since last request: 162.808899 seconds.
  path: Assets/Prefabs/Level.prefab
  artifactKey: Guid(549c69af39b84624b8a053537c407def) Importer(815301076,1909f56bfc062723c751e8b465ee728b)
Start importing Assets/Prefabs/Level.prefab using Guid(549c69af39b84624b8a053537c407def) Importer(815301076,1909f56bfc062723c751e8b465ee728b)  -> (artifact id: '597c0a7b65c3b941991e9be693f30777') in 6.731331 seconds
  Import took 6.756522 seconds .

========================================================================
Received Import Request.
  Time since last request: 72.810807 seconds.
  path: Assets/Scenes/MainScene.unity
  artifactKey: Guid(9fc0d4010bbf28b4594072e72b8655ab) Importer(815301076,1909f56bfc062723c751e8b465ee728b)
Start importing Assets/Scenes/MainScene.unity using Guid(9fc0d4010bbf28b4594072e72b8655ab) Importer(815301076,1909f56bfc062723c751e8b465ee728b)  -> (artifact id: '93462f283c8f00c15f8969d12bae9436') in 0.008846 seconds
  Import took 0.013178 seconds .

========================================================================
Received Import Request.
  Time since last request: 31.306203 seconds.
  path: Assets/Models/Characters
  artifactKey: Guid(0a4baff46de2c5f42a4a87eb698b18ed) Importer(815301076,1909f56bfc062723c751e8b465ee728b)
Start importing Assets/Models/Characters using Guid(0a4baff46de2c5f42a4a87eb698b18ed) Importer(815301076,1909f56bfc062723c751e8b465ee728b)  -> (artifact id: 'fecaec6512af244a5e8daff79d92d369') in 0.005981 seconds
  Import took 0.009487 seconds .

========================================================================
Received Import Request.
  Time since last request: 0.066437 seconds.
  path: Assets/Models/Characters/Gargoyle.fbx
  artifactKey: Guid(d3312d02a690eda48bd6807bf5c78084) Importer(815301076,1909f56bfc062723c751e8b465ee728b)
Start importing Assets/Models/Characters/Gargoyle.fbx using Guid(d3312d02a690eda48bd6807bf5c78084) Importer(815301076,1909f56bfc062723c751e8b465ee728b)  -> (artifact id: 'da3bca7561bf7cdb8130dc46d415f521') in 0.922534 seconds
  Import took 0.927336 seconds .

========================================================================
Received Import Request.
  Time since last request: 0.000298 seconds.
  path: Assets/Models/Characters/Ghost.fbx
  artifactKey: Guid(563ac48ff656d49478fd93213f4c0eb8) Importer(815301076,1909f56bfc062723c751e8b465ee728b)
Start importing Assets/Models/Characters/Ghost.fbx using Guid(563ac48ff656d49478fd93213f4c0eb8) Importer(815301076,1909f56bfc062723c751e8b465ee728b)  -> (artifact id: '55bc753d917dedd23c409b85315dbf41') in 0.057511 seconds
  Import took 0.061173 seconds .

========================================================================
Received Import Request.
  Time since last request: 0.000314 seconds.
  path: Assets/Models/Characters/JohnLemon.fbx
  artifactKey: Guid(b44f3940c4940544a8c2c6aee5fa086f) Importer(815301076,1909f56bfc062723c751e8b465ee728b)
Start importing Assets/Models/Characters/JohnLemon.fbx using Guid(b44f3940c4940544a8c2c6aee5fa086f) Importer(815301076,1909f56bfc062723c751e8b465ee728b)  -> (artifact id: 'ca59e677934c384a9aec7a5eedd622ce') in 0.317377 seconds
  Import took 0.321239 seconds .

========================================================================
Received Import Request.
  Time since last request: 256.992011 seconds.
  path: Assets/Prefabs/JohnLemon.prefab
  artifactKey: Guid(c80836a5e73664b589b50e1c236b12e0) Importer(815301076,1909f56bfc062723c751e8b465ee728b)
Start importing Assets/Prefabs/JohnLemon.prefab using Guid(c80836a5e73664b589b50e1c236b12e0) Importer(815301076,1909f56bfc062723c751e8b465ee728b)  -> (artifact id: '0e006a89d00dfc34fe33e7f5aa6e32d4') in 0.033263 seconds
  Import took 0.037347 seconds .

========================================================================
Received Import Request.
  Time since last request: 183.828673 seconds.
  path: Assets/Animation/Animators
  artifactKey: Guid(3e1ff1aa196645e4a912d1c3bb76a860) Importer(815301076,1909f56bfc062723c751e8b465ee728b)
Start importing Assets/Animation/Animators using Guid(3e1ff1aa196645e4a912d1c3bb76a860) Importer(815301076,1909f56bfc062723c751e8b465ee728b)  -> (artifact id: 'bbdc23832813d7d47d4bc9d27b27c90c') in 0.006100 seconds
  Import took 0.010117 seconds .

========================================================================
Received Import Request.
  Time since last request: 15.091952 seconds.
  path: Assets/Animation/Animators/New Animator Controller.controller
  artifactKey: Guid(b5cf80f44e3a8495e82421227c8503d3) Importer(815301076,1909f56bfc062723c751e8b465ee728b)
Start importing Assets/Animation/Animators/New Animator Controller.controller using Guid(b5cf80f44e3a8495e82421227c8503d3) Importer(815301076,1909f56bfc062723c751e8b465ee728b)  -> (artifact id: 'bad9c66af1f2e7033290c195376e61c0') in 0.238989 seconds
  Import took 0.242898 seconds .

========================================================================
Received Import Request.
  Time since last request: 5.978252 seconds.
  path: Assets/Animation/Animators/JohnLemon.controller
  artifactKey: Guid(b5cf80f44e3a8495e82421227c8503d3) Importer(815301076,1909f56bfc062723c751e8b465ee728b)
Start importing Assets/Animation/Animators/JohnLemon.controller using Guid(b5cf80f44e3a8495e82421227c8503d3) Importer(815301076,1909f56bfc062723c751e8b465ee728b)  -> (artifact id: '16da3a98ebd0b8ecd6112d4c6a2ad679') in 0.003705 seconds
  Import took 0.007395 seconds .

========================================================================
Received Import Request.
  Time since last request: 223.863258 seconds.
  path: Assets/Animation/Animation/Gargoyle@Idle.fbx
  artifactKey: Guid(475d389e70692ca4abb09caca1aef9ae) Importer(815301076,1909f56bfc062723c751e8b465ee728b)
Start importing Assets/Animation/Animation/Gargoyle@Idle.fbx using Guid(475d389e70692ca4abb09caca1aef9ae) Importer(815301076,1909f56bfc062723c751e8b465ee728b)  -> (artifact id: '29085cd3793037bf3e6741a09c4bd1d4') in 0.040988 seconds
  Import took 0.045142 seconds .

========================================================================
Received Import Request.
  Time since last request: 0.000241 seconds.
  path: Assets/Animation/Animation/John@Idle.fbx
  artifactKey: Guid(873202b19b03a8a4e976f0b15d21cd24) Importer(815301076,1909f56bfc062723c751e8b465ee728b)
Start importing Assets/Animation/Animation/John@Idle.fbx using Guid(873202b19b03a8a4e976f0b15d21cd24) Importer(815301076,1909f56bfc062723c751e8b465ee728b)  -> (artifact id: '32385216d61055ec9e1c4233992cff2d') in 0.044504 seconds
  Import took 0.048302 seconds .

========================================================================
Received Import Request.
  Time since last request: 0.000276 seconds.
  path: Assets/Animation/Animation/Ghost@Walk.fbx
  artifactKey: Guid(2017cad317b564c409a9e5bd02341461) Importer(815301076,1909f56bfc062723c751e8b465ee728b)
Start importing Assets/Animation/Animation/Ghost@Walk.fbx using Guid(2017cad317b564c409a9e5bd02341461) Importer(815301076,1909f56bfc062723c751e8b465ee728b)  -> (artifact id: '9007e75197ac5125f0320b3fdc563040') in 0.036378 seconds
  Import took 0.040087 seconds .

========================================================================
Received Import Request.
  Time since last request: 0.000240 seconds.
  path: Assets/Animation/Animation/John@Walk.fbx
  artifactKey: Guid(da1625e6a723d1745a6ba7f6565a130f) Importer(815301076,1909f56bfc062723c751e8b465ee728b)
Start importing Assets/Animation/Animation/John@Walk.fbx using Guid(da1625e6a723d1745a6ba7f6565a130f) Importer(815301076,1909f56bfc062723c751e8b465ee728b)  -> (artifact id: 'db9a435d6504b82c00e9f5eee03eda3a') in 0.029223 seconds
  Import took 0.033277 seconds .

========================================================================
Received Import Request.
  Time since last request: 0.000279 seconds.
  path: Assets/Animation/Animation/Ghost@Shower.fbx
  artifactKey: Guid(4c7b6999390a2c24498d13e4084b200f) Importer(815301076,1909f56bfc062723c751e8b465ee728b)
Start importing Assets/Animation/Animation/Ghost@Shower.fbx using Guid(4c7b6999390a2c24498d13e4084b200f) Importer(815301076,1909f56bfc062723c751e8b465ee728b)  -> (artifact id: '31fa265dda86b546009dd76c40794264') in 0.028425 seconds
  Import took 0.032192 seconds .

========================================================================
Received Import Request.
  Time since last request: 0.001116 seconds.
  path: Assets/Animation/Animation/Ghost@Shower.fbx
  artifactKey: Guid(4c7b6999390a2c24498d13e4084b200f) Importer(815301076,1909f56bfc062723c751e8b465ee728b)
Start importing Assets/Animation/Animation/Ghost@Shower.fbx using Guid(4c7b6999390a2c24498d13e4084b200f) Importer(815301076,1909f56bfc062723c751e8b465ee728b)  -> (artifact id: '31fa265dda86b546009dd76c40794264') in 0.030429 seconds
  Import took 0.033976 seconds .

========================================================================
Received Prepare
Registering precompiled user dll's ...
Registered in 0.001477 seconds.
Begin MonoManager ReloadAssembly
Native extension for OSXStandalone target not found
Refreshing native plugins compatible for Editor in 0.52 ms, found 1 plugins.
Preloading 0 native plugins for Editor in 0.00 ms.
Invoked RoslynAnalysisRunner static constructor.
RoslynAnalysisRunner will not be running.
RoslynAnalysisRunner has terminated.
Mono: successfully reloaded assembly
- Completed reload, in  1.045 seconds
Platform modules already initialized, skipping
Refreshing native plugins compatible for Editor in 0.53 ms, found 1 plugins.
Preloading 0 native plugins for Editor in 0.00 ms.
Unloading 1569 Unused Serialized files (Serialized files now loaded: 0)
System memory in use before: 231.2 MB.
System memory in use after: 231.3 MB.

Unloading 28 unused Assets to reduce memory usage. Loaded Objects now: 2056.
Total: 2.076657 ms (FindLiveObjects: 0.228226 ms CreateObjectMapping: 0.065343 ms MarkObjects: 1.712883 ms  DeleteObjects: 0.068919 ms)

========================================================================
Received Import Request.
  Time since last request: 816.428055 seconds.
  path: Assets/Animation/Animators/JohnLemon.controller
  artifactKey: Guid(b5cf80f44e3a8495e82421227c8503d3) Importer(815301076,1909f56bfc062723c751e8b465ee728b)
Start importing Assets/Animation/Animators/JohnLemon.controller using Guid(b5cf80f44e3a8495e82421227c8503d3) Importer(815301076,1909f56bfc062723c751e8b465ee728b)  -> (artifact id: '1808486c0c770aa4a29c89cdada3c08d') in 0.021063 seconds
  Import took 0.024706 seconds .

========================================================================
Received Prepare
Registering precompiled user dll's ...
Registered in 0.001349 seconds.
Begin MonoManager ReloadAssembly
Native extension for OSXStandalone target not found
Refreshing native plugins compatible for Editor in 0.60 ms, found 1 plugins.
Preloading 0 native plugins for Editor in 0.00 ms.
Invoked RoslynAnalysisRunner static constructor.
RoslynAnalysisRunner will not be running.
RoslynAnalysisRunner has terminated.
Mono: successfully reloaded assembly
- Completed reload, in  1.128 seconds
Platform modules already initialized, skipping
Refreshing native plugins compatible for Editor in 0.61 ms, found 1 plugins.
Preloading 0 native plugins for Editor in 0.00 ms.
Unloading 1570 Unused Serialized files (Serialized files now loaded: 0)
System memory in use before: 232.4 MB.
System memory in use after: 232.5 MB.

Unloading 27 unused Assets to reduce memory usage. Loaded Objects now: 2059.
Total: 2.332627 ms (FindLiveObjects: 0.233576 ms CreateObjectMapping: 0.070014 ms MarkObjects: 1.917696 ms  DeleteObjects: 0.110330 ms)

========================================================================
Received Import Request.
  Time since last request: 188.806672 seconds.
  path: Assets/Scripts/NewBehaviourScript.cs
  artifactKey: Guid(94ff79eae27df4c299882675007a4760) Importer(815301076,1909f56bfc062723c751e8b465ee728b)
Start importing Assets/Scripts/NewBehaviourScript.cs using Guid(94ff79eae27df4c299882675007a4760) Importer(815301076,1909f56bfc062723c751e8b465ee728b)  -> (artifact id: 'ae74ec53f0bdc53d64cfa8b7d2d21d25') in 0.104078 seconds
  Import took 0.107489 seconds .

========================================================================
Received Import Request.
  Time since last request: 4.720507 seconds.
  path: Assets/Scripts/PlayerMovement.cs
  artifactKey: Guid(94ff79eae27df4c299882675007a4760) Importer(815301076,1909f56bfc062723c751e8b465ee728b)
Start importing Assets/Scripts/PlayerMovement.cs using Guid(94ff79eae27df4c299882675007a4760) Importer(815301076,1909f56bfc062723c751e8b465ee728b)  -> (artifact id: '4a8e50259cb405f54fa831b77b6d4384') in 0.006078 seconds
  Import took 0.009305 seconds .

========================================================================
Received Import Request.
  Time since last request: 0.114724 seconds.
  path: Assets/Scripts/PlayerMovement.cs
  artifactKey: Guid(94ff79eae27df4c299882675007a4760) Importer(815301076,1909f56bfc062723c751e8b465ee728b)
Start importing Assets/Scripts/PlayerMovement.cs using Guid(94ff79eae27df4c299882675007a4760) Importer(815301076,1909f56bfc062723c751e8b465ee728b)  -> (artifact id: '4a8e50259cb405f54fa831b77b6d4384') in 0.001048 seconds
  Import took 0.004360 seconds .

========================================================================
Received Prepare
Registering precompiled user dll's ...
Registered in 0.001422 seconds.
Begin MonoManager ReloadAssembly
Native extension for OSXStandalone target not found
Refreshing native plugins compatible for Editor in 0.49 ms, found 1 plugins.
Preloading 0 native plugins for Editor in 0.00 ms.
Invoked RoslynAnalysisRunner static constructor.
RoslynAnalysisRunner will not be running.
RoslynAnalysisRunner has terminated.
Mono: successfully reloaded assembly
- Completed reload, in  1.023 seconds
Platform modules already initialized, skipping
Refreshing native plugins compatible for Editor in 0.49 ms, found 1 plugins.
Preloading 0 native plugins for Editor in 0.00 ms.
Unloading 1570 Unused Serialized files (Serialized files now loaded: 0)
System memory in use before: 233.5 MB.
System memory in use after: 233.6 MB.

Unloading 27 unused Assets to reduce memory usage. Loaded Objects now: 2061.
Total: 1.882424 ms (FindLiveObjects: 0.242447 ms CreateObjectMapping: 0.068603 ms MarkObjects: 1.506454 ms  DeleteObjects: 0.063346 ms)

========================================================================
Received Prepare
Registering precompiled user dll's ...
Registered in 0.001353 seconds.
Begin MonoManager ReloadAssembly
Native extension for OSXStandalone target not found
Refreshing native plugins compatible for Editor in 0.54 ms, found 1 plugins.
Preloading 0 native plugins for Editor in 0.00 ms.
Invoked RoslynAnalysisRunner static constructor.
RoslynAnalysisRunner will not be running.
RoslynAnalysisRunner has terminated.
Mono: successfully reloaded assembly
- Completed reload, in  1.058 seconds
Platform modules already initialized, skipping
Refreshing native plugins compatible for Editor in 0.53 ms, found 1 plugins.
Preloading 0 native plugins for Editor in 0.00 ms.
Unloading 1569 Unused Serialized files (Serialized files now loaded: 0)
System memory in use before: 233.9 MB.
System memory in use after: 234.0 MB.

Unloading 28 unused Assets to reduce memory usage. Loaded Objects now: 2062.
Total: 2.289549 ms (FindLiveObjects: 0.252185 ms CreateObjectMapping: 0.079060 ms MarkObjects: 1.879995 ms  DeleteObjects: 0.077120 ms)

========================================================================
Received Import Request.
  Time since last request: 60.712384 seconds.
  path: Assets/Scripts/PlayerMovement.cs
  artifactKey: Guid(94ff79eae27df4c299882675007a4760) Importer(815301076,1909f56bfc062723c751e8b465ee728b)
Start importing Assets/Scripts/PlayerMovement.cs using Guid(94ff79eae27df4c299882675007a4760) Importer(815301076,1909f56bfc062723c751e8b465ee728b)  -> (artifact id: 'b8c9488fcdac1a50d3060f64e5d8f571') in 0.007985 seconds
  Import took 0.012245 seconds .

========================================================================
Received Import Request.
  Time since last request: 0.000370 seconds.
  path: Assets/Scripts/PlayerMovement.cs
  artifactKey: Guid(94ff79eae27df4c299882675007a4760) Importer(815301076,1909f56bfc062723c751e8b465ee728b)
Start importing Assets/Scripts/PlayerMovement.cs using Guid(94ff79eae27df4c299882675007a4760) Importer(815301076,1909f56bfc062723c751e8b465ee728b)  -> (artifact id: 'b8c9488fcdac1a50d3060f64e5d8f571') in 0.002698 seconds
  Import took 0.006524 seconds .

========================================================================
Received Prepare
Registering precompiled user dll's ...
Registered in 0.001340 seconds.
Begin MonoManager ReloadAssembly
Native extension for OSXStandalone target not found
Refreshing native plugins compatible for Editor in 0.58 ms, found 1 plugins.
Preloading 0 native plugins for Editor in 0.00 ms.
Invoked RoslynAnalysisRunner static constructor.
RoslynAnalysisRunner will not be running.
RoslynAnalysisRunner has terminated.
Mono: successfully reloaded assembly
- Completed reload, in  1.050 seconds
Platform modules already initialized, skipping
Refreshing native plugins compatible for Editor in 0.54 ms, found 1 plugins.
Preloading 0 native plugins for Editor in 0.00 ms.
Unloading 1570 Unused Serialized files (Serialized files now loaded: 0)
System memory in use before: 234.1 MB.
System memory in use after: 234.2 MB.

Unloading 27 unused Assets to reduce memory usage. Loaded Objects now: 2065.
Total: 2.264762 ms (FindLiveObjects: 0.289209 ms CreateObjectMapping: 0.122758 ms MarkObjects: 1.778862 ms  DeleteObjects: 0.072781 ms)

========================================================================
Received Prepare
Registering precompiled user dll's ...
Registered in 0.001441 seconds.
Begin MonoManager ReloadAssembly
Native extension for OSXStandalone target not found
Refreshing native plugins compatible for Editor in 0.54 ms, found 1 plugins.
Preloading 0 native plugins for Editor in 0.00 ms.
Invoked RoslynAnalysisRunner static constructor.
RoslynAnalysisRunner will not be running.
RoslynAnalysisRunner has terminated.
Mono: successfully reloaded assembly
- Completed reload, in  1.086 seconds
Platform modules already initialized, skipping
Refreshing native plugins compatible for Editor in 0.54 ms, found 1 plugins.
Preloading 0 native plugins for Editor in 0.00 ms.
Unloading 1570 Unused Serialized files (Serialized files now loaded: 0)
System memory in use before: 234.0 MB.
System memory in use after: 234.1 MB.

Unloading 27 unused Assets to reduce memory usage. Loaded Objects now: 2067.
Total: 2.204286 ms (FindLiveObjects: 0.251443 ms CreateObjectMapping: 0.072362 ms MarkObjects: 1.811007 ms  DeleteObjects: 0.068353 ms)

========================================================================
Received Import Request.
  Time since last request: 302.884005 seconds.
  path: Assets/Scripts/PlayerMovement.cs
  artifactKey: Guid(94ff79eae27df4c299882675007a4760) Importer(815301076,1909f56bfc062723c751e8b465ee728b)
Start importing Assets/Scripts/PlayerMovement.cs using Guid(94ff79eae27df4c299882675007a4760) Importer(815301076,1909f56bfc062723c751e8b465ee728b)  -> (artifact id: 'e1c9caa4297fd00617e483d600d97440') in 0.009033 seconds
  Import took 0.012998 seconds .

========================================================================
Received Prepare
Registering precompiled user dll's ...
Registered in 0.001399 seconds.
Begin MonoManager ReloadAssembly
Native extension for OSXStandalone target not found
Refreshing native plugins compatible for Editor in 0.52 ms, found 1 plugins.
Preloading 0 native plugins for Editor in 0.00 ms.
Invoked RoslynAnalysisRunner static constructor.
RoslynAnalysisRunner will not be running.
RoslynAnalysisRunner has terminated.
Mono: successfully reloaded assembly
- Completed reload, in  1.109 seconds
Platform modules already initialized, skipping
Refreshing native plugins compatible for Editor in 0.56 ms, found 1 plugins.
Preloading 0 native plugins for Editor in 0.00 ms.
Unloading 1570 Unused Serialized files (Serialized files now loaded: 0)
System memory in use before: 234.5 MB.
System memory in use after: 234.6 MB.

Unloading 27 unused Assets to reduce memory usage. Loaded Objects now: 2069.
Total: 2.601806 ms (FindLiveObjects: 0.259474 ms CreateObjectMapping: 0.072122 ms MarkObjects: 2.188691 ms  DeleteObjects: 0.080187 ms)

========================================================================
Received Import Request.
  Time since last request: 535.115253 seconds.
  path: Assets/Prefabs/JohnLemon.prefab
  artifactKey: Guid(c80836a5e73664b589b50e1c236b12e0) Importer(815301076,1909f56bfc062723c751e8b465ee728b)
Start importing Assets/Prefabs/JohnLemon.prefab using Guid(c80836a5e73664b589b50e1c236b12e0) Importer(815301076,1909f56bfc062723c751e8b465ee728b)  -> (artifact id: '887383dd74f929ec1bfbffdbabfd1a36') in 0.079835 seconds
  Import took 0.084091 seconds .

========================================================================
Received Import Request.
  Time since last request: 1.148997 seconds.
  path: Assets/Prefabs/Environment
  artifactKey: Guid(0de8ecb26cbe0cc42824052a40e35836) Importer(815301076,1909f56bfc062723c751e8b465ee728b)
Start importing Assets/Prefabs/Environment using Guid(0de8ecb26cbe0cc42824052a40e35836) Importer(815301076,1909f56bfc062723c751e8b465ee728b)  -> (artifact id: '56760354792c1b997b041e62aec84b4f') in 0.006186 seconds
  Import took 0.010223 seconds .

========================================================================
Received Prepare
Registering precompiled user dll's ...
Registered in 0.002706 seconds.
Begin MonoManager ReloadAssembly
Native extension for OSXStandalone target not found
Refreshing native plugins compatible for Editor in 0.52 ms, found 1 plugins.
Preloading 0 native plugins for Editor in 0.00 ms.
Invoked RoslynAnalysisRunner static constructor.
RoslynAnalysisRunner will not be running.
RoslynAnalysisRunner has terminated.
Mono: successfully reloaded assembly
- Completed reload, in  1.069 seconds
Platform modules already initialized, skipping
Refreshing native plugins compatible for Editor in 0.52 ms, found 1 plugins.
Preloading 0 native plugins for Editor in 0.00 ms.
Unloading 1570 Unused Serialized files (Serialized files now loaded: 0)
System memory in use before: 234.9 MB.
System memory in use after: 235.0 MB.

Unloading 27 unused Assets to reduce memory usage. Loaded Objects now: 2072.
Total: 1.918439 ms (FindLiveObjects: 0.210963 ms CreateObjectMapping: 0.067406 ms MarkObjects: 1.572799 ms  DeleteObjects: 0.066103 ms)

========================================================================
Received Import Request.
  Time since last request: 168.772441 seconds.
  path: Assets/Materials/VFX/CandleFlame.mat
  artifactKey: Guid(d960d897cdc819041a73dceb80befb85) Importer(815301076,1909f56bfc062723c751e8b465ee728b)
Start importing Assets/Materials/VFX/CandleFlame.mat using Guid(d960d897cdc819041a73dceb80befb85) Importer(815301076,1909f56bfc062723c751e8b465ee728b)  -> (artifact id: 'bff228723fa3bfa9d71bda6230248096') in 0.348163 seconds
  Import took 0.351350 seconds .

========================================================================
Received Import Request.
  Time since last request: 336.227238 seconds.
  path: Assets/Prefabs/New Lighting Settings.lighting
  artifactKey: Guid(91df85322c5c4487d8016f9227d72046) Importer(815301076,1909f56bfc062723c751e8b465ee728b)
Start importing Assets/Prefabs/New Lighting Settings.lighting using Guid(91df85322c5c4487d8016f9227d72046) Importer(815301076,1909f56bfc062723c751e8b465ee728b)  -> (artifact id: 'bd0df9dcfb1932616cf07cce1d18262e') in 0.232559 seconds
  Import took 0.236192 seconds .

========================================================================
Received Import Request.
  Time since last request: 143.033831 seconds.
  path: Assets/Materials/BedRoom/Wardrobe.mat
  artifactKey: Guid(9e2335d028e7ab645970536c61cf4aac) Importer(815301076,1909f56bfc062723c751e8b465ee728b)
Start importing Assets/Materials/BedRoom/Wardrobe.mat using Guid(9e2335d028e7ab645970536c61cf4aac) Importer(815301076,1909f56bfc062723c751e8b465ee728b)  -> (artifact id: 'e38723b2ebe08c011cfbadfcb03257b1') in 0.024267 seconds
  Import took 0.027799 seconds .

========================================================================
Received Import Request.
  Time since last request: 0.000234 seconds.
  path: Assets/Materials/VFX/WaterDropSmall.mat
  artifactKey: Guid(c4d4365c3eeb8a54183f5af15699021d) Importer(815301076,1909f56bfc062723c751e8b465ee728b)
Start importing Assets/Materials/VFX/WaterDropSmall.mat using Guid(c4d4365c3eeb8a54183f5af15699021d) Importer(815301076,1909f56bfc062723c751e8b465ee728b)  -> (artifact id: 'eda9277a084dd6a92a955af109d694aa') in 0.089864 seconds
  Import took 0.093627 seconds .

========================================================================
Received Import Request.
  Time since last request: 0.000255 seconds.
  path: Assets/Materials/BedRoom/Wall_Bedroom.mat
  artifactKey: Guid(a1d7f57e6086c9a4bb159a2e0cfb2228) Importer(815301076,1909f56bfc062723c751e8b465ee728b)
Start importing Assets/Materials/BedRoom/Wall_Bedroom.mat using Guid(a1d7f57e6086c9a4bb159a2e0cfb2228) Importer(815301076,1909f56bfc062723c751e8b465ee728b)  -> (artifact id: '9aa8ff6adb72efd3094eadba6838ee47') in 0.025145 seconds
  Import took 0.029374 seconds .

========================================================================
Received Import Request.
  Time since last request: 0.000319 seconds.
  path: Assets/Materials/DiningRoom/Wall_Diningroom.mat
  artifactKey: Guid(af5618451dbad9c4a913f502e5c7df1e) Importer(815301076,1909f56bfc062723c751e8b465ee728b)
Start importing Assets/Materials/DiningRoom/Wall_Diningroom.mat using Guid(af5618451dbad9c4a913f502e5c7df1e) Importer(815301076,1909f56bfc062723c751e8b465ee728b)  -> (artifact id: '4d61fc238688e49af96ba5af1492edcb') in 0.035512 seconds
  Import took 0.038776 seconds .

========================================================================
Received Import Request.
  Time since last request: 0.000229 seconds.
  path: Assets/Materials/VFX/PlaneFog.mat
  artifactKey: Guid(061fb137bedaf3e4fad039b9006afa93) Importer(815301076,1909f56bfc062723c751e8b465ee728b)
Start importing Assets/Materials/VFX/PlaneFog.mat using Guid(061fb137bedaf3e4fad039b9006afa93) Importer(815301076,1909f56bfc062723c751e8b465ee728b)  -> (artifact id: 'b45400f56f7a6947372f13dd3ec00b5a') in 0.013299 seconds
  Import took 0.017506 seconds .

========================================================================
Received Import Request.
  Time since last request: 0.000226 seconds.
  path: Assets/Materials/VFX/Skybox.mat
  artifactKey: Guid(6ee0d89101b323c4ea17b397eea7fb49) Importer(815301076,1909f56bfc062723c751e8b465ee728b)
Start importing Assets/Materials/VFX/Skybox.mat using Guid(6ee0d89101b323c4ea17b397eea7fb49) Importer(815301076,1909f56bfc062723c751e8b465ee728b)  -> (artifact id: '86e439291e9293f23c5dbce1ecf6c8f8') in 0.142715 seconds
  Import took 0.146622 seconds .

========================================================================
Received Import Request.
  Time since last request: 0.000194 seconds.
  path: Assets/Materials/BedRoom/Bedside.mat
  artifactKey: Guid(3c953e27c072d4148887dc773952671a) Importer(815301076,1909f56bfc062723c751e8b465ee728b)
Start importing Assets/Materials/BedRoom/Bedside.mat using Guid(3c953e27c072d4148887dc773952671a) Importer(815301076,1909f56bfc062723c751e8b465ee728b)  -> (artifact id: 'dbcaf220759efc7a1ccbbb23d3fda62e') in 0.017696 seconds
  Import took 0.021229 seconds .

========================================================================
Received Import Request.
  Time since last request: 0.000233 seconds.
  path: Assets/Models/Corridor/CeilingPlane.fbx
  artifactKey: Guid(4aa23393587d7204bbc9f4a30599bf61) Importer(815301076,1909f56bfc062723c751e8b465ee728b)
Start importing Assets/Models/Corridor/CeilingPlane.fbx using Guid(4aa23393587d7204bbc9f4a30599bf61) Importer(815301076,1909f56bfc062723c751e8b465ee728b)  -> (artifact id: 'd81beb207d61726f04a39a0136332c75') in 0.079314 seconds
  Import took 0.083364 seconds .

========================================================================
Received Import Request.
  Time since last request: 0.000278 seconds.
  path: Assets/Materials/Characters/JohnToon.mat
  artifactKey: Guid(a0f36fc0d25b946499ac2f95f2b6ab9b) Importer(815301076,1909f56bfc062723c751e8b465ee728b)
Start importing Assets/Materials/Characters/JohnToon.mat using Guid(a0f36fc0d25b946499ac2f95f2b6ab9b) Importer(815301076,1909f56bfc062723c751e8b465ee728b)  -> (artifact id: '41f9cfa5c865830b23d1c68c464f0caf') in 0.055482 seconds
  Import took 0.058889 seconds .

========================================================================
Received Import Request.
  Time since last request: 0.000474 seconds.
  path: Assets/Materials/Bathroom/Pipes.mat
  artifactKey: Guid(b1512eb4ac821d144a9ed308b1f32108) Importer(815301076,1909f56bfc062723c751e8b465ee728b)
Start importing Assets/Materials/Bathroom/Pipes.mat using Guid(b1512eb4ac821d144a9ed308b1f32108) Importer(815301076,1909f56bfc062723c751e8b465ee728b)  -> (artifact id: 'eb063d92183e4884c8a79c4cdc9f2d76') in 0.018895 seconds
  Import took 0.022296 seconds .

========================================================================
Received Import Request.
  Time since last request: 0.000275 seconds.
  path: Assets/Materials/DiningRoom/Table.mat
  artifactKey: Guid(147dac9aa1b5dd149a5ad652019e5ac8) Importer(815301076,1909f56bfc062723c751e8b465ee728b)
Start importing Assets/Materials/DiningRoom/Table.mat using Guid(147dac9aa1b5dd149a5ad652019e5ac8) Importer(815301076,1909f56bfc062723c751e8b465ee728b)  -> (artifact id: '095eea5ee43a1d9d54c1f5bd0a5e45c0') in 0.060112 seconds
  Import took 0.064455 seconds .

========================================================================
Received Import Request.
  Time since last request: 0.000239 seconds.
  path: Assets/Materials/DiningRoom/Monster_Lamp.mat
  artifactKey: Guid(a63ef733125d6e04394962301d501be9) Importer(815301076,1909f56bfc062723c751e8b465ee728b)
Start importing Assets/Materials/DiningRoom/Monster_Lamp.mat using Guid(a63ef733125d6e04394962301d501be9) Importer(815301076,1909f56bfc062723c751e8b465ee728b)  -> (artifact id: '077142fcdf7873daabdc516cc75f798f') in 0.017502 seconds
  Import took 0.021158 seconds .

========================================================================
Received Import Request.
  Time since last request: 0.000204 seconds.
  path: Assets/Materials/Bathroom/Floor.mat
  artifactKey: Guid(8254b3265a6122b4d960969cacd74683) Importer(815301076,1909f56bfc062723c751e8b465ee728b)
Start importing Assets/Materials/Bathroom/Floor.mat using Guid(8254b3265a6122b4d960969cacd74683) Importer(815301076,1909f56bfc062723c751e8b465ee728b)  -> (artifact id: '7ebd3b382f2d9a3acf173a28c9bfc9a0') in 0.054451 seconds
  Import took 0.058567 seconds .

========================================================================
Received Import Request.
  Time since last request: 0.000296 seconds.
  path: Assets/Materials/VFX/Splash.mat
  artifactKey: Guid(e9f88b6d5b7b7f24c8b3dc6b70f06653) Importer(815301076,1909f56bfc062723c751e8b465ee728b)
Start importing Assets/Materials/VFX/Splash.mat using Guid(e9f88b6d5b7b7f24c8b3dc6b70f06653) Importer(815301076,1909f56bfc062723c751e8b465ee728b)  -> (artifact id: '66ae6b23033ac3db3cbe481421a17fe5') in 1.574055 seconds
  Import took 1.577582 seconds .

========================================================================
Received Import Request.
  Time since last request: 0.000265 seconds.
  path: Assets/Models/Diningroom/Floor_Diningroom.fbx
  artifactKey: Guid(698328cb89c262d47803daf585012ed8) Importer(815301076,1909f56bfc062723c751e8b465ee728b)
Start importing Assets/Models/Diningroom/Floor_Diningroom.fbx using Guid(698328cb89c262d47803daf585012ed8) Importer(815301076,1909f56bfc062723c751e8b465ee728b)  -> (artifact id: 'f415182cb889aa275e0b627f33f748a6') in 0.061834 seconds
  Import took 0.065286 seconds .

========================================================================
Received Import Request.
  Time since last request: 0.000255 seconds.
  path: Assets/Materials/Corridor/Light.mat
  artifactKey: Guid(f8576e77e5ebf4b49ae5475f634ed53b) Importer(815301076,1909f56bfc062723c751e8b465ee728b)
Start importing Assets/Materials/Corridor/Light.mat using Guid(f8576e77e5ebf4b49ae5475f634ed53b) Importer(815301076,1909f56bfc062723c751e8b465ee728b)  -> (artifact id: 'e3ebe2336ac47457cac706d00f63991f') in 0.021376 seconds
  Import took 0.024763 seconds .

========================================================================
Received Import Request.
  Time since last request: 0.000242 seconds.
  path: Assets/Materials/Bathroom/Bathtub.mat
  artifactKey: Guid(b80a9d3765165844c9e6e6505f6d511c) Importer(815301076,1909f56bfc062723c751e8b465ee728b)
Start importing Assets/Materials/Bathroom/Bathtub.mat using Guid(b80a9d3765165844c9e6e6505f6d511c) Importer(815301076,1909f56bfc062723c751e8b465ee728b)  -> (artifact id: '332ad3eabcd2cc490b8a28e61c904651') in 0.020219 seconds
  Import took 0.024146 seconds .

========================================================================
Received Import Request.
  Time since last request: 0.000294 seconds.
  path: Assets/Materials/Bathroom/Mirror.mat
  artifactKey: Guid(3086cb16e9941b845ac6e853a3a4e5b4) Importer(815301076,1909f56bfc062723c751e8b465ee728b)
Start importing Assets/Materials/Bathroom/Mirror.mat using Guid(3086cb16e9941b845ac6e853a3a4e5b4) Importer(815301076,1909f56bfc062723c751e8b465ee728b)  -> (artifact id: 'c1796105f581e715409bc128b8486ef9') in 0.028325 seconds
  Import took 0.032870 seconds .

========================================================================
Received Import Request.
  Time since last request: 0.000231 seconds.
  path: Assets/Materials/Corridor/Light_Glass.mat
  artifactKey: Guid(d50d52e4c69a3cf45bf45594297ca6c4) Importer(815301076,1909f56bfc062723c751e8b465ee728b)
Start importing Assets/Materials/Corridor/Light_Glass.mat using Guid(d50d52e4c69a3cf45bf45594297ca6c4) Importer(815301076,1909f56bfc062723c751e8b465ee728b)  -> (artifact id: 'aaa94303ea7e2fb7842fba805c795311') in 0.030472 seconds
  Import took 0.034708 seconds .

========================================================================
Received Import Request.
  Time since last request: 0.000231 seconds.
  path: Assets/Materials/BedRoom/Bed.mat
  artifactKey: Guid(f9b5ce623b689d74d8e935a8c979ffc0) Importer(815301076,1909f56bfc062723c751e8b465ee728b)
Start importing Assets/Materials/BedRoom/Bed.mat using Guid(f9b5ce623b689d74d8e935a8c979ffc0) Importer(815301076,1909f56bfc062723c751e8b465ee728b)  -> (artifact id: '7ed70ca0d18540187153e510fb650902') in 0.031430 seconds
  Import took 0.035815 seconds .

========================================================================
Received Import Request.
  Time since last request: 0.000310 seconds.
  path: Assets/Materials/Characters/Ghost.mat
  artifactKey: Guid(8f87494fdf66565419fa381814c5129b) Importer(815301076,1909f56bfc062723c751e8b465ee728b)
Start importing Assets/Materials/Characters/Ghost.mat using Guid(8f87494fdf66565419fa381814c5129b) Importer(815301076,1909f56bfc062723c751e8b465ee728b)  -> (artifact id: 'a0bba1faa451a2895982e4e7a474f975') in 0.072054 seconds
  Import took 0.075966 seconds .

========================================================================
Received Import Request.
  Time since last request: 0.000271 seconds.
  path: Assets/Materials/VFX/Emissive.mat
  artifactKey: Guid(effb672a2c71f0c40b7b1960d798968a) Importer(815301076,1909f56bfc062723c751e8b465ee728b)
Start importing Assets/Materials/VFX/Emissive.mat using Guid(effb672a2c71f0c40b7b1960d798968a) Importer(815301076,1909f56bfc062723c751e8b465ee728b)  -> (artifact id: 'e15ea5532923bf1fda6b248a21391845') in 0.011982 seconds
  Import took 0.015585 seconds .

========================================================================
Received Import Request.
  Time since last request: 0.000341 seconds.
  path: Assets/Materials/DiningRoom/Fireplace.mat
  artifactKey: Guid(544283c42b7173849a938d1ac4cd9568) Importer(815301076,1909f56bfc062723c751e8b465ee728b)
Start importing Assets/Materials/DiningRoom/Fireplace.mat using Guid(544283c42b7173849a938d1ac4cd9568) Importer(815301076,1909f56bfc062723c751e8b465ee728b)  -> (artifact id: '4d9e9ba217452293179d17dc2e9241f9') in 0.025886 seconds
  Import took 0.029546 seconds .

========================================================================
Received Import Request.
  Time since last request: 0.000292 seconds.
  path: Assets/Materials/Bathroom/Bathtub_Leg.mat
  artifactKey: Guid(11bfd79fc51953c41bdf8fde66fa099f) Importer(815301076,1909f56bfc062723c751e8b465ee728b)
Start importing Assets/Materials/Bathroom/Bathtub_Leg.mat using Guid(11bfd79fc51953c41bdf8fde66fa099f) Importer(815301076,1909f56bfc062723c751e8b465ee728b)  -> (artifact id: '156f464f91c29c9bd97aa5a3baea8b4a') in 0.027530 seconds
  Import took 0.031835 seconds .

========================================================================
Received Import Request.
  Time since last request: 0.000285 seconds.
  path: Assets/Materials/VFX/DustMote.mat
  artifactKey: Guid(e27a3e2f84809914fa5bf3a7ac14ce9f) Importer(815301076,1909f56bfc062723c751e8b465ee728b)
Start importing Assets/Materials/VFX/DustMote.mat using Guid(e27a3e2f84809914fa5bf3a7ac14ce9f) Importer(815301076,1909f56bfc062723c751e8b465ee728b)  -> (artifact id: 'c64155b429f3756a358cfa134f6618e8') in 0.041080 seconds
  Import took 0.045045 seconds .

========================================================================
Received Import Request.
  Time since last request: 0.000296 seconds.
  path: Assets/Materials/Characters/JohnPBR.mat
  artifactKey: Guid(ec8dc473ea10be74bada0165e17a99d9) Importer(815301076,1909f56bfc062723c751e8b465ee728b)
Start importing Assets/Materials/Characters/JohnPBR.mat using Guid(ec8dc473ea10be74bada0165e17a99d9) Importer(815301076,1909f56bfc062723c751e8b465ee728b)  -> (artifact id: '62a93e9a2e577e5969af10a95b0d9ec6') in 0.031235 seconds
  Import took 0.035096 seconds .

========================================================================
Received Import Request.
  Time since last request: 0.000230 seconds.
  path: Assets/Materials/Bathroom/Radiator.mat
  artifactKey: Guid(2d63e5640f378c04ebe27363eb0fff0c) Importer(815301076,1909f56bfc062723c751e8b465ee728b)
Start importing Assets/Materials/Bathroom/Radiator.mat using Guid(2d63e5640f378c04ebe27363eb0fff0c) Importer(815301076,1909f56bfc062723c751e8b465ee728b)  -> (artifact id: 'f114f1bbcd20484b41668519ad11f5d3') in 0.021312 seconds
  Import took 0.024880 seconds .

========================================================================
Received Import Request.
  Time since last request: 0.000250 seconds.
  path: Assets/Materials/DiningRoom/Clock.mat
  artifactKey: Guid(8d2783b3e3276774b8ee18214091ac89) Importer(815301076,1909f56bfc062723c751e8b465ee728b)
Start importing Assets/Materials/DiningRoom/Clock.mat using Guid(8d2783b3e3276774b8ee18214091ac89) Importer(815301076,1909f56bfc062723c751e8b465ee728b)  -> (artifact id: '7cf9f1574f93bf6297ddb88540d3de24') in 0.027506 seconds
  Import took 0.031757 seconds .

========================================================================
Received Import Request.
  Time since last request: 0.000250 seconds.
  path: Assets/Materials/DiningRoom/CandleStick.mat
  artifactKey: Guid(8d2cd8bfb9126c744ba6ef80defb2620) Importer(815301076,1909f56bfc062723c751e8b465ee728b)
Start importing Assets/Materials/DiningRoom/CandleStick.mat using Guid(8d2cd8bfb9126c744ba6ef80defb2620) Importer(815301076,1909f56bfc062723c751e8b465ee728b)  -> (artifact id: 'b88bb55623b3a8a1451bd6249786611b') in 0.029693 seconds
  Import took 0.033508 seconds .

========================================================================
Received Import Request.
  Time since last request: 0.000223 seconds.
  path: Assets/Materials/Bathroom/Sink.mat
  artifactKey: Guid(7dc883052ccb59842a9c6b10113e1470) Importer(815301076,1909f56bfc062723c751e8b465ee728b)
Start importing Assets/Materials/Bathroom/Sink.mat using Guid(7dc883052ccb59842a9c6b10113e1470) Importer(815301076,1909f56bfc062723c751e8b465ee728b)  -> (artifact id: '7d1e8a9fbf68f498e3b076eea99521fa') in 0.029176 seconds
  Import took 0.033254 seconds .

========================================================================
Received Import Request.
  Time since last request: 0.000288 seconds.
  path: Assets/Materials/VFX/Steam.mat
  artifactKey: Guid(4cd7f6cf6430b2347803bd0c957fbbce) Importer(815301076,1909f56bfc062723c751e8b465ee728b)
Start importing Assets/Materials/VFX/Steam.mat using Guid(4cd7f6cf6430b2347803bd0c957fbbce) Importer(815301076,1909f56bfc062723c751e8b465ee728b)  -> (artifact id: 'bb82679ed83b91dc98c88f6703c1c4e7') in 0.055659 seconds
  Import took 0.059449 seconds .

========================================================================
Received Import Request.
  Time since last request: 0.000232 seconds.
  path: Assets/Materials/Corridor/PictureFrame.mat
  artifactKey: Guid(e709f83e862ff314e8258b7a60c45ce2) Importer(815301076,1909f56bfc062723c751e8b465ee728b)
Start importing Assets/Materials/Corridor/PictureFrame.mat using Guid(e709f83e862ff314e8258b7a60c45ce2) Importer(815301076,1909f56bfc062723c751e8b465ee728b)  -> (artifact id: '5b07ca150a0fd69796eb2eddae2a409c') in 0.020531 seconds
  Import took 0.024268 seconds .

========================================================================
Received Import Request.
  Time since last request: 0.000284 seconds.
  path: Assets/Materials/Bathroom/BathtubLeg.mat
  artifactKey: Guid(d7e2196a7a474e74fba16ada321c14f2) Importer(815301076,1909f56bfc062723c751e8b465ee728b)
Start importing Assets/Materials/Bathroom/BathtubLeg.mat using Guid(d7e2196a7a474e74fba16ada321c14f2) Importer(815301076,1909f56bfc062723c751e8b465ee728b)  -> (artifact id: '4e5a5c1c272a4c9535c13769d07fd355') in 0.020111 seconds
  Import took 0.024761 seconds .

========================================================================
Received Import Request.
  Time since last request: 0.000241 seconds.
  path: Assets/Materials/Characters/Gargoyle.mat
  artifactKey: Guid(380abfdf82677234e922db7133b0e63c) Importer(815301076,1909f56bfc062723c751e8b465ee728b)
Start importing Assets/Materials/Characters/Gargoyle.mat using Guid(380abfdf82677234e922db7133b0e63c) Importer(815301076,1909f56bfc062723c751e8b465ee728b)  -> (artifact id: 'db7d77f4bc82e831e516103587d62cd0') in 0.033879 seconds
  Import took 0.037990 seconds .

========================================================================
Received Import Request.
  Time since last request: 0.000231 seconds.
  path: Assets/Materials/Corridor/Rugs.mat
  artifactKey: Guid(f5b8db6c5de6a6a4984f8dd09c302b59) Importer(815301076,1909f56bfc062723c751e8b465ee728b)
Start importing Assets/Materials/Corridor/Rugs.mat using Guid(f5b8db6c5de6a6a4984f8dd09c302b59) Importer(815301076,1909f56bfc062723c751e8b465ee728b)  -> (artifact id: '6dd4b6fb51b087f7e1f9e0a1ae755ecd') in 0.028463 seconds
  Import took 0.032980 seconds .

========================================================================
Received Import Request.
  Time since last request: 0.000227 seconds.
  path: Assets/Models/Corridor/FloorPlane.fbx
  artifactKey: Guid(79ec22444806b2e4dafc0b51ad057fa1) Importer(815301076,1909f56bfc062723c751e8b465ee728b)
Start importing Assets/Models/Corridor/FloorPlane.fbx using Guid(79ec22444806b2e4dafc0b51ad057fa1) Importer(815301076,1909f56bfc062723c751e8b465ee728b)  -> (artifact id: '2d978bf2213ce2882498ef96b0857d57') in 0.037937 seconds
  Import took 0.042723 seconds .

========================================================================
Received Import Request.
  Time since last request: 0.000273 seconds.
  path: Assets/Materials/Corridor/Wall_Corridor.mat
  artifactKey: Guid(b6a0ac0240204cb4ea4b84d1e2dab2b5) Importer(815301076,1909f56bfc062723c751e8b465ee728b)
Start importing Assets/Materials/Corridor/Wall_Corridor.mat using Guid(b6a0ac0240204cb4ea4b84d1e2dab2b5) Importer(815301076,1909f56bfc062723c751e8b465ee728b)  -> (artifact id: 'cf63850c8398897770aaf97c97c4990e') in 0.023344 seconds
  Import took 0.028096 seconds .

========================================================================
Received Import Request.
  Time since last request: 0.000249 seconds.
  path: Assets/Materials/Corridor/Window.mat
  artifactKey: Guid(5d7f4ca07121e414288c4908a4803bed) Importer(815301076,1909f56bfc062723c751e8b465ee728b)
Start importing Assets/Materials/Corridor/Window.mat using Guid(5d7f4ca07121e414288c4908a4803bed) Importer(815301076,1909f56bfc062723c751e8b465ee728b)  -> (artifact id: 'f14713758100ca1bdef276a1bdcbb7e2') in 0.022904 seconds
  Import took 0.027313 seconds .

========================================================================
Received Import Request.
  Time since last request: 0.000256 seconds.
  path: Assets/Materials/BedRoom/Floor.mat
  artifactKey: Guid(2bfd182a00290924abf99a86daf1e23c) Importer(815301076,1909f56bfc062723c751e8b465ee728b)
Start importing Assets/Materials/BedRoom/Floor.mat using Guid(2bfd182a00290924abf99a86daf1e23c) Importer(815301076,1909f56bfc062723c751e8b465ee728b)  -> (artifact id: '93f9d56570db6f265081ab99a36a2a7e') in 0.029449 seconds
  Import took 0.033688 seconds .

========================================================================
Received Import Request.
  Time since last request: 0.000302 seconds.
  path: Assets/Materials/Corridor/Door_Post.mat
  artifactKey: Guid(78a0737fcaa84b14d9527b1565fc5488) Importer(815301076,1909f56bfc062723c751e8b465ee728b)
Start importing Assets/Materials/Corridor/Door_Post.mat using Guid(78a0737fcaa84b14d9527b1565fc5488) Importer(815301076,1909f56bfc062723c751e8b465ee728b)  -> (artifact id: 'e40ab0327166e2a0c84d8f2d85faa14e') in 0.033896 seconds
  Import took 0.037647 seconds .

========================================================================
Received Import Request.
  Time since last request: 0.000256 seconds.
  path: Assets/Materials/Corridor/Floor.mat
  artifactKey: Guid(059e99a55d1d3614ebfbdffbbe2e3e25) Importer(815301076,1909f56bfc062723c751e8b465ee728b)
Start importing Assets/Materials/Corridor/Floor.mat using Guid(059e99a55d1d3614ebfbdffbbe2e3e25) Importer(815301076,1909f56bfc062723c751e8b465ee728b)  -> (artifact id: '9267d23f842dc9cc430bd3992e5cb273') in 0.033384 seconds
  Import took 0.037641 seconds .

========================================================================
Received Import Request.
  Time since last request: 0.000237 seconds.
  path: Assets/Materials/DiningRoom/Chair.mat
  artifactKey: Guid(41a54a7b601421848ac1ee00bed0c867) Importer(815301076,1909f56bfc062723c751e8b465ee728b)
Start importing Assets/Materials/DiningRoom/Chair.mat using Guid(41a54a7b601421848ac1ee00bed0c867) Importer(815301076,1909f56bfc062723c751e8b465ee728b)  -> (artifact id: 'a5f3edc9b50224ad4be89204fd57edbd') in 0.028321 seconds
  Import took 0.032932 seconds .

========================================================================
Received Import Request.
  Time since last request: 0.000253 seconds.
  path: Assets/Materials/Characters/Light_Cone.mat
  artifactKey: Guid(98a5d7f03b88cef44932b3206c7bd8db) Importer(815301076,1909f56bfc062723c751e8b465ee728b)
Start importing Assets/Materials/Characters/Light_Cone.mat using Guid(98a5d7f03b88cef44932b3206c7bd8db) Importer(815301076,1909f56bfc062723c751e8b465ee728b)  -> (artifact id: '46eab6c5442745bd22b75890e5f70e8a') in 0.027963 seconds
  Import took 0.031892 seconds .

========================================================================
Received Import Request.
  Time since last request: 0.000237 seconds.
  path: Assets/Materials/DiningRoom/Floor.mat
  artifactKey: Guid(060e5db52eac3d945bda1acfb5e7c4bb) Importer(815301076,1909f56bfc062723c751e8b465ee728b)
Start importing Assets/Materials/DiningRoom/Floor.mat using Guid(060e5db52eac3d945bda1acfb5e7c4bb) Importer(815301076,1909f56bfc062723c751e8b465ee728b)  -> (artifact id: 'f49cb54cdb74cb848e5b2092869a97ae') in 0.032937 seconds
  Import took 0.036958 seconds .

========================================================================
Received Import Request.
  Time since last request: 0.000228 seconds.
  path: Assets/Materials/Bathroom/Walls.mat
  artifactKey: Guid(9dab67fd89e742e45a9d885d6e1e14a2) Importer(815301076,1909f56bfc062723c751e8b465ee728b)
Start importing Assets/Materials/Bathroom/Walls.mat using Guid(9dab67fd89e742e45a9d885d6e1e14a2) Importer(815301076,1909f56bfc062723c751e8b465ee728b)  -> (artifact id: '3ea43d600d22eb8ed8e2d8cace1e07e6') in 0.032638 seconds
  Import took 0.036335 seconds .

========================================================================
Received Import Request.
  Time since last request: 104.018043 seconds.
  path: Assets/New Lighting Settings.lighting
  artifactKey: Guid(91df85322c5c4487d8016f9227d72046) Importer(815301076,1909f56bfc062723c751e8b465ee728b)
Start importing Assets/New Lighting Settings.lighting using Guid(91df85322c5c4487d8016f9227d72046) Importer(815301076,1909f56bfc062723c751e8b465ee728b)  -> (artifact id: '54c3fb9d10961b339ffd914d7c997508') in 0.003315 seconds
  Import took 0.006623 seconds .

========================================================================
Received Prepare
Registering precompiled user dll's ...
Registered in 0.003469 seconds.
Begin MonoManager ReloadAssembly
Native extension for OSXStandalone target not found
Refreshing native plugins compatible for Editor in 0.52 ms, found 1 plugins.
Preloading 0 native plugins for Editor in 0.00 ms.
Invoked RoslynAnalysisRunner static constructor.
RoslynAnalysisRunner will not be running.
RoslynAnalysisRunner has terminated.
Mono: successfully reloaded assembly
- Completed reload, in  0.986 seconds
Platform modules already initialized, skipping
Refreshing native plugins compatible for Editor in 0.52 ms, found 1 plugins.
Preloading 0 native plugins for Editor in 0.00 ms.
Unloading 1570 Unused Serialized files (Serialized files now loaded: 0)
System memory in use before: 245.3 MB.
System memory in use after: 245.4 MB.

Unloading 27 unused Assets to reduce memory usage. Loaded Objects now: 2108.
Total: 2.082828 ms (FindLiveObjects: 0.337400 ms CreateObjectMapping: 0.072855 ms MarkObjects: 1.597602 ms  DeleteObjects: 0.073747 ms)

========================================================================
Received Prepare
Registering precompiled user dll's ...
Registered in 0.001329 seconds.
Begin MonoManager ReloadAssembly
Native extension for OSXStandalone target not found
Refreshing native plugins compatible for Editor in 0.74 ms, found 1 plugins.
Preloading 0 native plugins for Editor in 0.00 ms.
Invoked RoslynAnalysisRunner static constructor.
RoslynAnalysisRunner will not be running.
RoslynAnalysisRunner has terminated.
Mono: successfully reloaded assembly
- Completed reload, in  1.114 seconds
Platform modules already initialized, skipping
Refreshing native plugins compatible for Editor in 0.77 ms, found 1 plugins.
Preloading 0 native plugins for Editor in 0.00 ms.
Unloading 1570 Unused Serialized files (Serialized files now loaded: 0)
System memory in use before: 245.7 MB.
System memory in use after: 245.8 MB.

Unloading 27 unused Assets to reduce memory usage. Loaded Objects now: 2110.
Total: 2.056552 ms (FindLiveObjects: 0.229769 ms CreateObjectMapping: 0.083593 ms MarkObjects: 1.670761 ms  DeleteObjects: 0.071260 ms)

========================================================================
Received Import Request.
  Time since last request: 740.269671 seconds.
  path: ProjectSettings/TagManager.asset
  artifactKey: Guid(00000000000000003000000000000000) Importer(815301076,1909f56bfc062723c751e8b465ee728b)
Start importing ProjectSettings/TagManager.asset using Guid(00000000000000003000000000000000) Importer(815301076,1909f56bfc062723c751e8b465ee728b)  -> (artifact id: 'e8c3ab6b558fa7fe7c42e9a55a892947') in 0.016928 seconds
  Import took 0.021350 seconds .

========================================================================
Received Import Request.
  Time since last request: 0.008406 seconds.
  path: ProjectSettings/TagManager.asset
  artifactKey: Guid(00000000000000003000000000000000) Importer(815301076,1909f56bfc062723c751e8b465ee728b)
Start importing ProjectSettings/TagManager.asset using Guid(00000000000000003000000000000000) Importer(815301076,1909f56bfc062723c751e8b465ee728b)  -> (artifact id: 'e8c3ab6b558fa7fe7c42e9a55a892947') in 0.002317 seconds
  Import took 0.006438 seconds .

========================================================================
Received Import Request.
  Time since last request: 1151.528110 seconds.
  path: Assets/Textures/UI/Caught.png
  artifactKey: Guid(85d46c7add1129741a0d78fadba6998e) Importer(815301076,1909f56bfc062723c751e8b465ee728b)
Start importing Assets/Textures/UI/Caught.png using Guid(85d46c7add1129741a0d78fadba6998e) Importer(815301076,1909f56bfc062723c751e8b465ee728b)  -> (artifact id: '2e4d5f78adb9b81f3248f8059789a0d8') in 0.442009 seconds
  Import took 0.446023 seconds .

========================================================================
Received Import Request.
  Time since last request: 0.000279 seconds.
  path: Assets/Textures/VFX/DustMote.png
  artifactKey: Guid(394e93ce356b57344903a08ff72fcab2) Importer(815301076,1909f56bfc062723c751e8b465ee728b)
Start importing Assets/Textures/VFX/DustMote.png using Guid(394e93ce356b57344903a08ff72fcab2) Importer(815301076,1909f56bfc062723c751e8b465ee728b)  -> (artifact id: '0e9a0e90ef110e348f3c8f69ed539f3f') in 0.016681 seconds
  Import took 0.020548 seconds .

========================================================================
Received Import Request.
  Time since last request: 0.000404 seconds.
  path: Assets/Textures/UI/Caught.png
  artifactKey: Guid(85d46c7add1129741a0d78fadba6998e) Importer(815301076,1909f56bfc062723c751e8b465ee728b)
Start importing Assets/Textures/UI/Caught.png using Guid(85d46c7add1129741a0d78fadba6998e) Importer(815301076,1909f56bfc062723c751e8b465ee728b)  -> (artifact id: '2e4d5f78adb9b81f3248f8059789a0d8') in 0.046175 seconds
  Import took 0.050624 seconds .

========================================================================
Received Import Request.
  Time since last request: 0.000354 seconds.
  path: Assets/Textures/VFX/DustMote.png
  artifactKey: Guid(394e93ce356b57344903a08ff72fcab2) Importer(815301076,1909f56bfc062723c751e8b465ee728b)
Start importing Assets/Textures/VFX/DustMote.png using Guid(394e93ce356b57344903a08ff72fcab2) Importer(815301076,1909f56bfc062723c751e8b465ee728b)  -> (artifact id: '0e9a0e90ef110e348f3c8f69ed539f3f') in 0.017703 seconds
  Import took 0.022826 seconds .

========================================================================
Received Import Request.
  Time since last request: 0.000297 seconds.
  path: Assets/Textures/UI/Won.png
  artifactKey: Guid(623a7345ca6d38f4280b86c32ffe7c15) Importer(815301076,1909f56bfc062723c751e8b465ee728b)
Start importing Assets/Textures/UI/Won.png using Guid(623a7345ca6d38f4280b86c32ffe7c15) Importer(815301076,1909f56bfc062723c751e8b465ee728b)  -> (artifact id: 'f9cc50ef1d2879780be3214c4298a3bd') in 0.051046 seconds
  Import took 0.055048 seconds .

========================================================================
Received Import Request.
  Time since last request: 329.822985 seconds.
  path: Assets/Scripts/GameEnding.cs
  artifactKey: Guid(633279061c9334ebfb06d4759d2b4514) Importer(815301076,1909f56bfc062723c751e8b465ee728b)
Start importing Assets/Scripts/GameEnding.cs using Guid(633279061c9334ebfb06d4759d2b4514) Importer(815301076,1909f56bfc062723c751e8b465ee728b)  -> (artifact id: '1d77334d449933dafb1c06405499bc61') in 0.003614 seconds
  Import took 0.009742 seconds .

========================================================================
Received Prepare
Registering precompiled user dll's ...
Registered in 0.003647 seconds.
Begin MonoManager ReloadAssembly
Native extension for OSXStandalone target not found
Refreshing native plugins compatible for Editor in 0.50 ms, found 1 plugins.
Preloading 0 native plugins for Editor in 0.00 ms.
Invoked RoslynAnalysisRunner static constructor.
RoslynAnalysisRunner will not be running.
RoslynAnalysisRunner has terminated.
Mono: successfully reloaded assembly
- Completed reload, in  1.004 seconds
Platform modules already initialized, skipping
Refreshing native plugins compatible for Editor in 0.66 ms, found 1 plugins.
Preloading 0 native plugins for Editor in 0.00 ms.
Unloading 1571 Unused Serialized files (Serialized files now loaded: 0)
System memory in use before: 250.6 MB.
System memory in use after: 250.7 MB.

Unloading 29 unused Assets to reduce memory usage. Loaded Objects now: 2116.
Total: 2.415586 ms (FindLiveObjects: 0.225456 ms CreateObjectMapping: 0.073022 ms MarkObjects: 2.043061 ms  DeleteObjects: 0.072741 ms)

========================================================================
Received Prepare
Registering precompiled user dll's ...
Registered in 0.003320 seconds.
Begin MonoManager ReloadAssembly
Native extension for OSXStandalone target not found
Refreshing native plugins compatible for Editor in 0.55 ms, found 1 plugins.
Preloading 0 native plugins for Editor in 0.00 ms.
Invoked RoslynAnalysisRunner static constructor.
RoslynAnalysisRunner will not be running.
RoslynAnalysisRunner has terminated.
Mono: successfully reloaded assembly
- Completed reload, in  1.049 seconds
Platform modules already initialized, skipping
Refreshing native plugins compatible for Editor in 0.73 ms, found 1 plugins.
Preloading 0 native plugins for Editor in 0.00 ms.
Unloading 1571 Unused Serialized files (Serialized files now loaded: 0)
System memory in use before: 250.9 MB.
System memory in use after: 251.0 MB.

Unloading 27 unused Assets to reduce memory usage. Loaded Objects now: 2118.
Total: 2.383690 ms (FindLiveObjects: 0.223250 ms CreateObjectMapping: 0.115168 ms MarkObjects: 1.967580 ms  DeleteObjects: 0.075238 ms)

========================================================================
Received Prepare
Registering precompiled user dll's ...
Registered in 0.003665 seconds.
Begin MonoManager ReloadAssembly
Native extension for OSXStandalone target not found
Refreshing native plugins compatible for Editor in 0.52 ms, found 1 plugins.
Preloading 0 native plugins for Editor in 0.00 ms.
Invoked RoslynAnalysisRunner static constructor.
RoslynAnalysisRunner will not be running.
RoslynAnalysisRunner has terminated.
Mono: successfully reloaded assembly
- Completed reload, in  1.051 seconds
Platform modules already initialized, skipping
Refreshing native plugins compatible for Editor in 0.63 ms, found 1 plugins.
Preloading 0 native plugins for Editor in 0.00 ms.
Unloading 1571 Unused Serialized files (Serialized files now loaded: 0)
System memory in use before: 251.0 MB.
System memory in use after: 251.1 MB.

Unloading 27 unused Assets to reduce memory usage. Loaded Objects now: 2120.
Total: 2.015167 ms (FindLiveObjects: 0.234512 ms CreateObjectMapping: 0.069434 ms MarkObjects: 1.637034 ms  DeleteObjects: 0.071887 ms)

========================================================================
Received Import Request.
  Time since last request: 233.360418 seconds.
  path: Assets/Prefabs/Gargoyle.prefab
  artifactKey: Guid(d8dbb47b381de40c3811f0433df9ebf7) Importer(815301076,1909f56bfc062723c751e8b465ee728b)
Start importing Assets/Prefabs/Gargoyle.prefab using Guid(d8dbb47b381de40c3811f0433df9ebf7) Importer(815301076,1909f56bfc062723c751e8b465ee728b)  -> (artifact id: '13adc249be1b39ec0e66003bac8b9e95') in 0.080103 seconds
  Import took 0.083755 seconds .

========================================================================
Received Import Request.
  Time since last request: 50.543692 seconds.
  path: Assets/Animation/Animators/New Animator Controller.controller
  artifactKey: Guid(51a1db0fde18f4a1d9632111082574d9) Importer(815301076,1909f56bfc062723c751e8b465ee728b)
Start importing Assets/Animation/Animators/New Animator Controller.controller using Guid(51a1db0fde18f4a1d9632111082574d9) Importer(815301076,1909f56bfc062723c751e8b465ee728b)  -> (artifact id: '7e16b2bf1b28a27c9f27938ba7757323') in 0.008841 seconds
  Import took 0.013214 seconds .

========================================================================
Received Import Request.
  Time since last request: 5.382020 seconds.
  path: Assets/Animation/Animators/Gargoyle.controller
  artifactKey: Guid(51a1db0fde18f4a1d9632111082574d9) Importer(815301076,1909f56bfc062723c751e8b465ee728b)
Start importing Assets/Animation/Animators/Gargoyle.controller using Guid(51a1db0fde18f4a1d9632111082574d9) Importer(815301076,1909f56bfc062723c751e8b465ee728b)  -> (artifact id: 'ca4dac10833a1e044d3340d5cce571d1') in 0.007057 seconds
  Import took 0.011271 seconds .

========================================================================
Received Import Request.
  Time since last request: 286.634759 seconds.
  path: Assets/Scripts/Observer.cs
  artifactKey: Guid(b770f0c57234b4ce5afe32f95ce672b7) Importer(815301076,1909f56bfc062723c751e8b465ee728b)
Start importing Assets/Scripts/Observer.cs using Guid(b770f0c57234b4ce5afe32f95ce672b7) Importer(815301076,1909f56bfc062723c751e8b465ee728b)  -> (artifact id: '3eac9889671416cbf797d18e9db5cf88') in 0.003447 seconds
  Import took 0.007643 seconds .

========================================================================
Received Prepare
Registering precompiled user dll's ...
Registered in 0.003750 seconds.
Begin MonoManager ReloadAssembly
Native extension for OSXStandalone target not found
Refreshing native plugins compatible for Editor in 0.53 ms, found 1 plugins.
Preloading 0 native plugins for Editor in 0.00 ms.
Invoked RoslynAnalysisRunner static constructor.
RoslynAnalysisRunner will not be running.
RoslynAnalysisRunner has terminated.
Mono: successfully reloaded assembly
- Completed reload, in  1.119 seconds
Platform modules already initialized, skipping
Refreshing native plugins compatible for Editor in 0.57 ms, found 1 plugins.
Preloading 0 native plugins for Editor in 0.00 ms.
Unloading 1572 Unused Serialized files (Serialized files now loaded: 0)
System memory in use before: 252.1 MB.
System memory in use after: 252.2 MB.

Unloading 27 unused Assets to reduce memory usage. Loaded Objects now: 2124.
Total: 2.407282 ms (FindLiveObjects: 0.329017 ms CreateObjectMapping: 0.088590 ms MarkObjects: 1.912206 ms  DeleteObjects: 0.076062 ms)

========================================================================
Received Prepare
Registering precompiled user dll's ...
Registered in 0.003712 seconds.
Begin MonoManager ReloadAssembly
Native extension for OSXStandalone target not found
Refreshing native plugins compatible for Editor in 0.54 ms, found 1 plugins.
Preloading 0 native plugins for Editor in 0.00 ms.
Invoked RoslynAnalysisRunner static constructor.
RoslynAnalysisRunner will not be running.
RoslynAnalysisRunner has terminated.
Mono: successfully reloaded assembly
- Completed reload, in  1.098 seconds
Platform modules already initialized, skipping
Refreshing native plugins compatible for Editor in 0.55 ms, found 1 plugins.
Preloading 0 native plugins for Editor in 0.00 ms.
Unloading 1572 Unused Serialized files (Serialized files now loaded: 0)
System memory in use before: 251.5 MB.
System memory in use after: 251.5 MB.

Unloading 27 unused Assets to reduce memory usage. Loaded Objects now: 2126.
Total: 2.041170 ms (FindLiveObjects: 0.238671 ms CreateObjectMapping: 0.073407 ms MarkObjects: 1.657280 ms  DeleteObjects: 0.070711 ms)

========================================================================
Received Prepare
Registering precompiled user dll's ...
Registered in 0.001575 seconds.
Begin MonoManager ReloadAssembly
Native extension for OSXStandalone target not found
Refreshing native plugins compatible for Editor in 0.53 ms, found 1 plugins.
Preloading 0 native plugins for Editor in 0.00 ms.
Invoked RoslynAnalysisRunner static constructor.
RoslynAnalysisRunner will not be running.
RoslynAnalysisRunner has terminated.
Mono: successfully reloaded assembly
- Completed reload, in  1.140 seconds
Platform modules already initialized, skipping
Refreshing native plugins compatible for Editor in 0.52 ms, found 1 plugins.
Preloading 0 native plugins for Editor in 0.00 ms.
Unloading 1572 Unused Serialized files (Serialized files now loaded: 0)
System memory in use before: 251.7 MB.
System memory in use after: 251.8 MB.

Unloading 27 unused Assets to reduce memory usage. Loaded Objects now: 2128.
Total: 2.163329 ms (FindLiveObjects: 0.247622 ms CreateObjectMapping: 0.089312 ms MarkObjects: 1.754161 ms  DeleteObjects: 0.070906 ms)

========================================================================
Received Import Request.
  Time since last request: 172.740770 seconds.
  path: Assets/Scripts/Observer.cs
  artifactKey: Guid(b770f0c57234b4ce5afe32f95ce672b7) Importer(815301076,1909f56bfc062723c751e8b465ee728b)
Start importing Assets/Scripts/Observer.cs using Guid(b770f0c57234b4ce5afe32f95ce672b7) Importer(815301076,1909f56bfc062723c751e8b465ee728b)  -> (artifact id: '8f233d1247d856113a30d9876f2c06ff') in 0.003744 seconds
  Import took 0.006821 seconds .

========================================================================
Received Prepare
Registering precompiled user dll's ...
Registered in 0.003985 seconds.
Begin MonoManager ReloadAssembly
Native extension for OSXStandalone target not found
Refreshing native plugins compatible for Editor in 0.56 ms, found 1 plugins.
Preloading 0 native plugins for Editor in 0.00 ms.
Invoked RoslynAnalysisRunner static constructor.
RoslynAnalysisRunner will not be running.
RoslynAnalysisRunner has terminated.
Mono: successfully reloaded assembly
- Completed reload, in  1.155 seconds
Platform modules already initialized, skipping
Refreshing native plugins compatible for Editor in 0.85 ms, found 1 plugins.
Preloading 0 native plugins for Editor in 0.00 ms.
Unloading 1572 Unused Serialized files (Serialized files now loaded: 0)
System memory in use before: 251.8 MB.
System memory in use after: 251.9 MB.

Unloading 27 unused Assets to reduce memory usage. Loaded Objects now: 2130.
Total: 1.982789 ms (FindLiveObjects: 0.240612 ms CreateObjectMapping: 0.061418 ms MarkObjects: 1.616791 ms  DeleteObjects: 0.062967 ms)

========================================================================
Received Import Request.
  Time since last request: 23.717220 seconds.
  path: Assets/Scripts/Observer.cs
  artifactKey: Guid(b770f0c57234b4ce5afe32f95ce672b7) Importer(815301076,1909f56bfc062723c751e8b465ee728b)
Start importing Assets/Scripts/Observer.cs using Guid(b770f0c57234b4ce5afe32f95ce672b7) Importer(815301076,1909f56bfc062723c751e8b465ee728b)  -> (artifact id: 'd7e51587848db41dfb4af4836b9b9e6c') in 0.004355 seconds
  Import took 0.008853 seconds .

========================================================================
Received Prepare
Registering precompiled user dll's ...
Registered in 0.005672 seconds.
Begin MonoManager ReloadAssembly
Native extension for OSXStandalone target not found
Refreshing native plugins compatible for Editor in 0.50 ms, found 1 plugins.
Preloading 0 native plugins for Editor in 0.00 ms.
Invoked RoslynAnalysisRunner static constructor.
RoslynAnalysisRunner will not be running.
RoslynAnalysisRunner has terminated.
Mono: successfully reloaded assembly
- Completed reload, in  1.040 seconds
Platform modules already initialized, skipping
Refreshing native plugins compatible for Editor in 0.52 ms, found 1 plugins.
Preloading 0 native plugins for Editor in 0.00 ms.
Unloading 1572 Unused Serialized files (Serialized files now loaded: 0)
System memory in use before: 252.0 MB.
System memory in use after: 252.1 MB.

Unloading 27 unused Assets to reduce memory usage. Loaded Objects now: 2132.
Total: 2.337013 ms (FindLiveObjects: 0.318930 ms CreateObjectMapping: 0.104939 ms MarkObjects: 1.841479 ms  DeleteObjects: 0.070604 ms)

========================================================================
Received Import Request.
  Time since last request: 308.969544 seconds.
  path: Assets/Prefabs/Ghost.prefab
  artifactKey: Guid(02ad6de578c9d41c987ec86e07895eae) Importer(815301076,1909f56bfc062723c751e8b465ee728b)
Start importing Assets/Prefabs/Ghost.prefab using Guid(02ad6de578c9d41c987ec86e07895eae) Importer(815301076,1909f56bfc062723c751e8b465ee728b)  -> (artifact id: '7069293d9d8e1e5b730a53632785cf72') in 0.096579 seconds
  Import took 0.100433 seconds .

========================================================================
Received Import Request.
  Time since last request: 2.399433 seconds.
  path: Assets/Prefabs/Gargoyle.prefab
  artifactKey: Guid(d8dbb47b381de40c3811f0433df9ebf7) Importer(815301076,1909f56bfc062723c751e8b465ee728b)
Start importing Assets/Prefabs/Gargoyle.prefab using Guid(d8dbb47b381de40c3811f0433df9ebf7) Importer(815301076,1909f56bfc062723c751e8b465ee728b)  -> (artifact id: '206a9073be83162ec251b0151e75acdd') in 0.060104 seconds
  Import took 0.064553 seconds .

========================================================================
Received Import Request.
  Time since last request: 32.630841 seconds.
  path: Assets/Audio/SFXBuzzingLight.wav
  artifactKey: Guid(86e0f005f0b8e084698c2cf61bb6c2b6) Importer(815301076,1909f56bfc062723c751e8b465ee728b)
Start importing Assets/Audio/SFXBuzzingLight.wav using Guid(86e0f005f0b8e084698c2cf61bb6c2b6) Importer(815301076,1909f56bfc062723c751e8b465ee728b)  -> (artifact id: '1b1a9ae24e4436853782f2760fa4ece3') in 0.343045 seconds
  Import took 0.346600 seconds .

========================================================================
Received Import Request.
  Time since last request: 0.000259 seconds.
  path: Assets/Audio/SFXWin.wav
  artifactKey: Guid(c0f716a9e9ac00c438b95158ba195a58) Importer(815301076,1909f56bfc062723c751e8b465ee728b)
Start importing Assets/Audio/SFXWin.wav using Guid(c0f716a9e9ac00c438b95158ba195a58) Importer(815301076,1909f56bfc062723c751e8b465ee728b)  -> (artifact id: '343c0cc10ba3e684cf843df6360bbf95') in 0.012784 seconds
  Import took 0.016470 seconds .

========================================================================
Received Import Request.
  Time since last request: 0.000251 seconds.
  path: Assets/Audio/SFXFootstepsLooping.wav
  artifactKey: Guid(07e520bb410492d47bf739846d70f2a3) Importer(815301076,1909f56bfc062723c751e8b465ee728b)
Start importing Assets/Audio/SFXFootstepsLooping.wav using Guid(07e520bb410492d47bf739846d70f2a3) Importer(815301076,1909f56bfc062723c751e8b465ee728b)  -> (artifact id: '05a1f5101058c2ee5c9b9f717dc0241f') in 0.065492 seconds
  Import took 0.069610 seconds .

========================================================================
Received Import Request.
  Time since last request: 0.000292 seconds.
  path: Assets/Audio/SFXHouseAmbience.wav
  artifactKey: Guid(205287722f2b6b64583b86d65fdeeb11) Importer(815301076,1909f56bfc062723c751e8b465ee728b)
Start importing Assets/Audio/SFXHouseAmbience.wav using Guid(205287722f2b6b64583b86d65fdeeb11) Importer(815301076,1909f56bfc062723c751e8b465ee728b)  -> (artifact id: 'c7486641fe53cfcd81713ac8b1b44ddd') in 0.033718 seconds
  Import took 0.037995 seconds .

========================================================================
Received Import Request.
  Time since last request: 0.000307 seconds.
  path: Assets/Audio/SFXGhostMove.wav
  artifactKey: Guid(98ea14dfdb9dce74a976520f134fd1a2) Importer(815301076,1909f56bfc062723c751e8b465ee728b)
Start importing Assets/Audio/SFXGhostMove.wav using Guid(98ea14dfdb9dce74a976520f134fd1a2) Importer(815301076,1909f56bfc062723c751e8b465ee728b)  -> (artifact id: '3e7324789e596b8b94618e814a68b7bd') in 0.033393 seconds
  Import took 0.038009 seconds .

========================================================================
Received Import Request.
  Time since last request: 0.000275 seconds.
  path: Assets/Audio/SFXGameOver.wav
  artifactKey: Guid(2789d5ce62baaba4ab1ee8bb172304a6) Importer(815301076,1909f56bfc062723c751e8b465ee728b)
Start importing Assets/Audio/SFXGameOver.wav using Guid(2789d5ce62baaba4ab1ee8bb172304a6) Importer(815301076,1909f56bfc062723c751e8b465ee728b)  -> (artifact id: 'bfb5c9c199561c2b8c3490217f0fcdef') in 0.011448 seconds
  Import took 0.015283 seconds .

========================================================================
Received Import Request.
  Time since last request: 0.000374 seconds.
  path: Assets/Audio/SFXCandle.wav
  artifactKey: Guid(dd7f55e125ee8f947b2f399e20aeec8c) Importer(815301076,1909f56bfc062723c751e8b465ee728b)
Start importing Assets/Audio/SFXCandle.wav using Guid(dd7f55e125ee8f947b2f399e20aeec8c) Importer(815301076,1909f56bfc062723c751e8b465ee728b)  -> (artifact id: '910a3957b44d18cf433c4f5f6115ca8e') in 0.025313 seconds
  Import took 0.029575 seconds .

========================================================================
Received Import Request.
  Time since last request: 5.844579 seconds.
  path: Assets/Animation/Animators/Ghost.controller
  artifactKey: Guid(06cb0ea35781e4d09a56033053cd4b01) Importer(815301076,1909f56bfc062723c751e8b465ee728b)
Start importing Assets/Animation/Animators/Ghost.controller using Guid(06cb0ea35781e4d09a56033053cd4b01) Importer(815301076,1909f56bfc062723c751e8b465ee728b)  -> (artifact id: '0cc40081494df5a809c66695a1b2553e') in 0.005391 seconds
  Import took 0.009113 seconds .

========================================================================
Received Import Request.
  Time since last request: 151.946751 seconds.
  path: Assets/Prefabs/PointOfView.prefab
  artifactKey: Guid(c473a2452caf24ad58495f663f882253) Importer(815301076,1909f56bfc062723c751e8b465ee728b)
Start importing Assets/Prefabs/PointOfView.prefab using Guid(c473a2452caf24ad58495f663f882253) Importer(815301076,1909f56bfc062723c751e8b465ee728b)  -> (artifact id: '4253871627be7e5748906b2639d0035a') in 0.006749 seconds
  Import took 0.010100 seconds .

========================================================================
Received Import Request.
  Time since last request: 197.742883 seconds.
  path: Assets/Scripts/WaypointPatrol.cs
  artifactKey: Guid(2321263d39a45442fa4c8ffc95769b5d) Importer(815301076,1909f56bfc062723c751e8b465ee728b)
Start importing Assets/Scripts/WaypointPatrol.cs using Guid(2321263d39a45442fa4c8ffc95769b5d) Importer(815301076,1909f56bfc062723c751e8b465ee728b)  -> (artifact id: '9b572fcf787f5712ca528742dd88b9b3') in 0.002970 seconds
  Import took 0.006696 seconds .

========================================================================
Received Prepare
Registering precompiled user dll's ...
Registered in 0.003542 seconds.
Begin MonoManager ReloadAssembly
Native extension for OSXStandalone target not found
Refreshing native plugins compatible for Editor in 0.60 ms, found 1 plugins.
Preloading 0 native plugins for Editor in 0.00 ms.
Invoked RoslynAnalysisRunner static constructor.
RoslynAnalysisRunner will not be running.
RoslynAnalysisRunner has terminated.
Mono: successfully reloaded assembly
- Completed reload, in  1.123 seconds
Platform modules already initialized, skipping
Refreshing native plugins compatible for Editor in 0.53 ms, found 1 plugins.
Preloading 0 native plugins for Editor in 0.00 ms.
Unloading 1573 Unused Serialized files (Serialized files now loaded: 0)
System memory in use before: 257.6 MB.
System memory in use after: 257.7 MB.

Unloading 27 unused Assets to reduce memory usage. Loaded Objects now: 2138.
Total: 2.521219 ms (FindLiveObjects: 0.262916 ms CreateObjectMapping: 0.086211 ms MarkObjects: 2.066699 ms  DeleteObjects: 0.103195 ms)

========================================================================
Received Prepare
Registering precompiled user dll's ...
Registered in 0.003426 seconds.
Begin MonoManager ReloadAssembly
Native extension for OSXStandalone target not found
Refreshing native plugins compatible for Editor in 0.52 ms, found 1 plugins.
Preloading 0 native plugins for Editor in 0.00 ms.
Invoked RoslynAnalysisRunner static constructor.
RoslynAnalysisRunner will not be running.
RoslynAnalysisRunner has terminated.
Mono: successfully reloaded assembly
- Completed reload, in  1.078 seconds
Platform modules already initialized, skipping
Refreshing native plugins compatible for Editor in 0.52 ms, found 1 plugins.
Preloading 0 native plugins for Editor in 0.00 ms.
Unloading 1573 Unused Serialized files (Serialized files now loaded: 0)
System memory in use before: 257.0 MB.
System memory in use after: 257.0 MB.

Unloading 27 unused Assets to reduce memory usage. Loaded Objects now: 2140.
Total: 2.447996 ms (FindLiveObjects: 0.387996 ms CreateObjectMapping: 0.123430 ms MarkObjects: 1.858504 ms  DeleteObjects: 0.076454 ms)

========================================================================
Received Import Request.
  Time since last request: 76.503697 seconds.
  path: Assets/Scripts/WaypointPatrol.cs
  artifactKey: Guid(2321263d39a45442fa4c8ffc95769b5d) Importer(815301076,1909f56bfc062723c751e8b465ee728b)
Start importing Assets/Scripts/WaypointPatrol.cs using Guid(2321263d39a45442fa4c8ffc95769b5d) Importer(815301076,1909f56bfc062723c751e8b465ee728b)  -> (artifact id: '5988f606f418f8646e7611a010b0ddef') in 0.004296 seconds
  Import took 0.008313 seconds .

========================================================================
Received Prepare
Registering precompiled user dll's ...
Registered in 0.001850 seconds.
Begin MonoManager ReloadAssembly
Native extension for OSXStandalone target not found
Refreshing native plugins compatible for Editor in 0.55 ms, found 1 plugins.
Preloading 0 native plugins for Editor in 0.00 ms.
Invoked RoslynAnalysisRunner static constructor.
RoslynAnalysisRunner will not be running.
RoslynAnalysisRunner has terminated.
Mono: successfully reloaded assembly
- Completed reload, in  1.033 seconds
Platform modules already initialized, skipping
Refreshing native plugins compatible for Editor in 0.52 ms, found 1 plugins.
Preloading 0 native plugins for Editor in 0.00 ms.
Unloading 1573 Unused Serialized files (Serialized files now loaded: 0)
System memory in use before: 257.2 MB.
System memory in use after: 257.3 MB.

Unloading 27 unused Assets to reduce memory usage. Loaded Objects now: 2142.
Total: 2.665691 ms (FindLiveObjects: 0.392326 ms CreateObjectMapping: 0.176987 ms MarkObjects: 2.018001 ms  DeleteObjects: 0.076927 ms)

========================================================================
Received Prepare
Registering precompiled user dll's ...
Registered in 0.001325 seconds.
Begin MonoManager ReloadAssembly
Native extension for OSXStandalone target not found
Refreshing native plugins compatible for Editor in 0.50 ms, found 1 plugins.
Preloading 0 native plugins for Editor in 0.00 ms.
Invoked RoslynAnalysisRunner static constructor.
RoslynAnalysisRunner will not be running.
RoslynAnalysisRunner has terminated.
Mono: successfully reloaded assembly
- Completed reload, in  1.127 seconds
Platform modules already initialized, skipping
Refreshing native plugins compatible for Editor in 0.54 ms, found 1 plugins.
Preloading 0 native plugins for Editor in 0.00 ms.
Unloading 1573 Unused Serialized files (Serialized files now loaded: 0)
System memory in use before: 257.4 MB.
System memory in use after: 257.5 MB.

Unloading 27 unused Assets to reduce memory usage. Loaded Objects now: 2144.
Total: 2.266945 ms (FindLiveObjects: 0.224612 ms CreateObjectMapping: 0.058815 ms MarkObjects: 1.896155 ms  DeleteObjects: 0.086125 ms)

